---BTCUSDT1h is up to date!
-----
---Hotness index is .......0.37 and market is *bearish*.
-----

--> No action taken
Latest price: BTC=8656.0
* * * * Next ticker in about 38 minutes * * * *
---> Going to sleep
---BTCUSDT1h is up to date!
Start checking for new ticker
No new ticker yet---BTCUSDT1h is up to date!
.---BTCUSDT1h is up to date!
.---BTCUSDT1h is up to date!
.---BTCUSDT1h is up to date!
.---BTCUSDT1h is up to date!
.---BTCUSDT1h is up to date!
.---BTCUSDT1h is up to date!
.---BTCUSDT1h is up to date!
.---Last update to BTCUSDT1h was on the 22 Jan, 2020
------
Updating 1 1h ticks

Found new Ticker!
-----
---Hotness index is .......0.36 and market is *bearish*.
-----

--> No action taken
Latest price: BTC=8667.79
* * * * Next ticker in about 58 minutes * * * *
---> Going to sleep
---BTCUSDT1h is up to date!
Start checking for new ticker
No new ticker yet---BTCUSDT1h is up to date!
.---BTCUSDT1h is up to date!
.---BTCUSDT1h is up to date!
.---BTCUSDT1h is up to date!
.---BTCUSDT1h is up to date!
.---BTCUSDT1h is up to date!
.---BTCUSDT1h is up to date!
.---BTCUSDT1h is up to date!
.---Last update to BTCUSDT1h was on the 22 Jan, 2020
------
Updating 1 1h ticks

Found new Ticker!
-----
---Hotness index is .......0.36 and market is *bullish*.
-----

--> No action taken
Latest price: BTC=8663.45
* * * * Next ticker in about 58 minutes * * * *
---> Going to sleep
---BTCUSDT1h is up to date!
Start checking for new ticker
No new ticker yet---BTCUSDT1h is up to date!
.---BTCUSDT1h is up to date!
.---BTCUSDT1h is up to date!
.---BTCUSDT1h is up to date!
.---BTCUSDT1h is up to date!
.---BTCUSDT1h is up to date!
.---BTCUSDT1h is up to date!
.---BTCUSDT1h is up to date!
.---Last update to BTCUSDT1h was on the 22 Jan, 2020
------
Updating 1 1h ticks

Found new Ticker!
-----
---Hotness index is .......0.36 and market is *bearish*.
-----

--> No action taken
Latest price: BTC=8658.15
* * * * Next ticker in about 58 minutes * * * *
---> Going to sleep
---BTCUSDT1h is up to date!
Start checking for new ticker
No new ticker yet---BTCUSDT1h is up to date!
.---BTCUSDT1h is up to date!
.---BTCUSDT1h is up to date!
.---BTCUSDT1h is up to date!
.---BTCUSDT1h is up to date!
.---BTCUSDT1h is up to date!
.---BTCUSDT1h is up to date!
.---BTCUSDT1h is up to date!
.---Last update to BTCUSDT1h was on the 23 Jan, 2020
------
Updating 1 1h ticks

Found new Ticker!
-----
---Hotness index is .......0.35 and market is *bearish*.
-----

--> No action taken
Latest price: BTC=8688.54
* * * * Next ticker in about 58 minutes * * * *
---> Going to sleep
---BTCUSDT1h is up to date!
Start checking for new ticker
No new ticker yet---BTCUSDT1h is up to date!
.---BTCUSDT1h is up to date!
.---BTCUSDT1h is up to date!
.---BTCUSDT1h is up to date!
.---BTCUSDT1h is up to date!
.---BTCUSDT1h is up to date!
.---BTCUSDT1h is up to date!
.---BTCUSDT1h is up to date!
.---Last update to BTCUSDT1h was on the 23 Jan, 2020
------
Updating 1 1h ticks

Found new Ticker!
-----
---Hotness index is .......0.32 and market is *bearish*.
-----

--> No action taken
Latest price: BTC=8667.55
* * * * Next ticker in about 58 minutes * * * *
---> Going to sleep
---BTCUSDT1h is up to date!
Start checking for new ticker
No new ticker yet---BTCUSDT1h is up to date!
.---BTCUSDT1h is up to date!
.---BTCUSDT1h is up to date!
.---BTCUSDT1h is up to date!
.---BTCUSDT1h is up to date!
.---BTCUSDT1h is up to date!
.---BTCUSDT1h is up to date!
.---BTCUSDT1h is up to date!
.---Last update to BTCUSDT1h was on the 23 Jan, 2020
------
Updating 1 1h ticks

Found new Ticker!
-----
---Hotness index is .......0.29 and market is *bearish*.
-----

--> No action taken
Latest price: BTC=8601.0
* * * * Next ticker in about 58 minutes * * * *
---> Going to sleep
---BTCUSDT1h is up to date!
Start checking for new ticker
No new ticker yet---BTCUSDT1h is up to date!
.---BTCUSDT1h is up to date!
.---BTCUSDT1h is up to date!
.---BTCUSDT1h is up to date!
.---BTCUSDT1h is up to date!
.---BTCUSDT1h is up to date!
.---BTCUSDT1h is up to date!
.---BTCUSDT1h is up to date!
.---Last update to BTCUSDT1h was on the 23 Jan, 2020
------
Updating 1 1h ticks

Found new Ticker!
-----
---Hotness index is .......0.26 and market is *bearish*.
-----

--> No action taken
Latest price: BTC=8612.55
* * * * Next ticker in about 58 minutes * * * *
---> Going to sleep
---BTCUSDT1h is up to date!
Start checking for new ticker
No new ticker yet---BTCUSDT1h is up to date!
.---BTCUSDT1h is up to date!
.---BTCUSDT1h is up to date!
.---BTCUSDT1h is up to date!
.---BTCUSDT1h is up to date!
.---BTCUSDT1h is up to date!
.---BTCUSDT1h is up to date!
.---BTCUSDT1h is up to date!
.---Last update to BTCUSDT1h was on the 23 Jan, 2020
------
Updating 1 1h ticks

Found new Ticker!
-----
---Hotness index is .......0.24 and market is *bearish*.
-----

--> No action taken
Latest price: BTC=8595.42
* * * * Next ticker in about 58 minutes * * * *
---> Going to sleep
---BTCUSDT1h is up to date!
Start checking for new ticker
No new ticker yet---BTCUSDT1h is up to date!
.---BTCUSDT1h is up to date!
.---BTCUSDT1h is up to date!
.---BTCUSDT1h is up to date!
.---BTCUSDT1h is up to date!
.---BTCUSDT1h is up to date!
.---BTCUSDT1h is up to date!
.---BTCUSDT1h is up to date!
.---Last update to BTCUSDT1h was on the 23 Jan, 2020
------
Updating 1 1h ticks

Found new Ticker!
-----
---Hotness index is .......0.22 and market is *bearish*.
-----

--> No action taken
Latest price: BTC=8584.6
* * * * Next ticker in about 58 minutes * * * *
---> Going to sleep
---BTCUSDT1h is up to date!
Start checking for new ticker
No new ticker yet---BTCUSDT1h is up to date!
.---BTCUSDT1h is up to date!
.---BTCUSDT1h is up to date!
.---BTCUSDT1h is up to date!
.---BTCUSDT1h is up to date!
.---BTCUSDT1h is up to date!
.---BTCUSDT1h is up to date!
.---BTCUSDT1h is up to date!
.---Last update to BTCUSDT1h was on the 23 Jan, 2020
------
Updating 1 1h ticks

Found new Ticker!
-----
---Hotness index is .......0.21 and market is *bearish*.
-----

--> No action taken
Latest price: BTC=8560.41
* * * * Next ticker in about 58 minutes * * * *
---> Going to sleep
---BTCUSDT1h is up to date!
Start checking for new ticker
No new ticker yet---BTCUSDT1h is up to date!
.---BTCUSDT1h is up to date!
.---BTCUSDT1h is up to date!
.---BTCUSDT1h is up to date!
.---BTCUSDT1h is up to date!
.---BTCUSDT1h is up to date!
.---BTCUSDT1h is up to date!
.---BTCUSDT1h is up to date!
.---Last update to BTCUSDT1h was on the 23 Jan, 2020
------
Updating 1 1h ticks

Found new Ticker!
-----
---Hotness index is .......0.22 and market is *bullish*.
-----

--> No action taken
Latest price: BTC=8533.85
* * * * Next ticker in about 58 minutes * * * *
---> Going to sleep
---BTCUSDT1h is up to date!
Start checking for new ticker
No new ticker yet---BTCUSDT1h is up to date!
.---BTCUSDT1h is up to date!
.---BTCUSDT1h is up to date!
.---BTCUSDT1h is up to date!
.---BTCUSDT1h is up to date!
.---BTCUSDT1h is up to date!
.---BTCUSDT1h is up to date!
.---Last update to BTCUSDT1h was on the 23 Jan, 2020
------
Updating 1 1h ticks

Found new Ticker!
-----
---Hotness index is .......0.22 and market is *bearish*.
-----

--> No action taken
Latest price: BTC=8579.61
* * * * Next ticker in about 58 minutes * * * *
---> Going to sleep
---BTCUSDT1h is up to date!
Start checking for new ticker
No new ticker yet---BTCUSDT1h is up to date!
.---BTCUSDT1h is up to date!
.---BTCUSDT1h is up to date!
.---BTCUSDT1h is up to date!
.---BTCUSDT1h is up to date!
.---BTCUSDT1h is up to date!
.---BTCUSDT1h is up to date!
.---BTCUSDT1h is up to date!
.---Last update to BTCUSDT1h was on the 23 Jan, 2020
------
Updating 1 1h ticks

Found new Ticker!
-----
---Hotness index is .......0.23 and market is *bullish*.
-----

--> No action taken
Latest price: BTC=8520.57
* * * * Next ticker in about 58 minutes * * * *
---> Going to sleep
---BTCUSDT1h is up to date!
Start checking for new ticker
No new ticker yet---BTCUSDT1h is up to date!
.---BTCUSDT1h is up to date!
.---BTCUSDT1h is up to date!
.---BTCUSDT1h is up to date!
.---BTCUSDT1h is up to date!
.---BTCUSDT1h is up to date!
.---BTCUSDT1h is up to date!
.---BTCUSDT1h is up to date!
.---Last update to BTCUSDT1h was on the 23 Jan, 2020
------
Updating 1 1h ticks

Found new Ticker!
-----
---Hotness index is .......0.29 and market is *bullish*.
-----

--> No action taken
Latest price: BTC=8427.0
* * * * Next ticker in about 58 minutes * * * *
---> Going to sleep
---BTCUSDT1h is up to date!
Start checking for new ticker
No new ticker yet---BTCUSDT1h is up to date!
.---BTCUSDT1h is up to date!
.---BTCUSDT1h is up to date!
.---BTCUSDT1h is up to date!
.---BTCUSDT1h is up to date!
.---BTCUSDT1h is up to date!
.---BTCUSDT1h is up to date!
.---BTCUSDT1h is up to date!
.---Last update to BTCUSDT1h was on the 23 Jan, 2020
------
Updating 1 1h ticks

Found new Ticker!
-----
---Hotness index is .......0.32 and market is *bullish*.
-----

--> No action taken
Latest price: BTC=8454.88
* * * * Next ticker in about 58 minutes * * * *
---> Going to sleep
---BTCUSDT1h is up to date!
Start checking for new ticker
No new ticker yet---BTCUSDT1h is up to date!
.---BTCUSDT1h is up to date!
.---BTCUSDT1h is up to date!
.---BTCUSDT1h is up to date!
.---BTCUSDT1h is up to date!
.---BTCUSDT1h is up to date!
.---BTCUSDT1h is up to date!
.---BTCUSDT1h is up to date!
.---Last update to BTCUSDT1h was on the 23 Jan, 2020
------
Updating 1 1h ticks

Found new Ticker!
-----
---Hotness index is .......0.34 and market is *bullish*.
-----

--> No action taken
Latest price: BTC=8428.65
* * * * Next ticker in about 58 minutes * * * *
---> Going to sleep
---BTCUSDT1h is up to date!
Start checking for new ticker
No new ticker yet---BTCUSDT1h is up to date!
.---BTCUSDT1h is up to date!
.---BTCUSDT1h is up to date!
.---BTCUSDT1h is up to date!
.---BTCUSDT1h is up to date!
.---BTCUSDT1h is up to date!
.---BTCUSDT1h is up to date!
.---BTCUSDT1h is up to date!
.---Last update to BTCUSDT1h was on the 23 Jan, 2020
------
Updating 1 1h ticks

Found new Ticker!
-----
---Hotness index is .......0.35 and market is *bullish*.
-----

--> No action taken
Latest price: BTC=8430.05
* * * * Next ticker in about 58 minutes * * * *
---> Going to sleep
---BTCUSDT1h is up to date!
Start checking for new ticker
No new ticker yet---BTCUSDT1h is up to date!
.---BTCUSDT1h is up to date!
.---BTCUSDT1h is up to date!
.---BTCUSDT1h is up to date!
.---BTCUSDT1h is up to date!
.---BTCUSDT1h is up to date!
.---BTCUSDT1h is up to date!
.---BTCUSDT1h is up to date!
.---Last update to BTCUSDT1h was on the 23 Jan, 2020
------
Updating 1 1h ticks

Found new Ticker!
-----
---Hotness index is .......0.36 and market is *bullish*.
-----

--> No action taken
Latest price: BTC=8361.0
* * * * Next ticker in about 58 minutes * * * *
---> Going to sleep
---BTCUSDT1h is up to date!
Start checking for new ticker
No new ticker yet---BTCUSDT1h is up to date!
.---BTCUSDT1h is up to date!
.---BTCUSDT1h is up to date!
.---BTCUSDT1h is up to date!
.---BTCUSDT1h is up to date!
.---BTCUSDT1h is up to date!
.---BTCUSDT1h is up to date!
.---Last update to BTCUSDT1h was on the 23 Jan, 2020
------
Updating 1 1h ticks

Found new Ticker!
-----
---Hotness index is .......0.37 and market is *bullish*.
-----

--> No action taken
Latest price: BTC=8370.01
* * * * Next ticker in about 58 minutes * * * *
---> Going to sleep
---BTCUSDT1h is up to date!
Start checking for new ticker
No new ticker yet---BTCUSDT1h is up to date!
.---BTCUSDT1h is up to date!
.---BTCUSDT1h is up to date!
.---BTCUSDT1h is up to date!
.---BTCUSDT1h is up to date!
.---BTCUSDT1h is up to date!
.---BTCUSDT1h is up to date!
.---BTCUSDT1h is up to date!
.---Last update to BTCUSDT1h was on the 23 Jan, 2020
------
Updating 1 1h ticks

Found new Ticker!
-----
---Hotness index is .......0.35 and market is *bearish*.
-----

--> No action taken
Latest price: BTC=8366.01
* * * * Next ticker in about 58 minutes * * * *
---> Going to sleep
---BTCUSDT1h is up to date!
Start checking for new ticker
No new ticker yet---BTCUSDT1h is up to date!
.---BTCUSDT1h is up to date!
.---BTCUSDT1h is up to date!
.---BTCUSDT1h is up to date!
.---BTCUSDT1h is up to date!
.---BTCUSDT1h is up to date!
.---BTCUSDT1h is up to date!
.---BTCUSDT1h is up to date!
.---Last update to BTCUSDT1h was on the 23 Jan, 2020
------
Updating 1 1h ticks

Found new Ticker!
-----
---Hotness index is .......0.31 and market is *bearish*.
-----

--> No action taken
Latest price: BTC=8362.65
* * * * Next ticker in about 58 minutes * * * *
---> Going to sleep
---BTCUSDT1h is up to date!
Start checking for new ticker
No new ticker yet---BTCUSDT1h is up to date!
.---BTCUSDT1h is up to date!
.---BTCUSDT1h is up to date!
.---BTCUSDT1h is up to date!
.---BTCUSDT1h is up to date!
.---BTCUSDT1h is up to date!
.---BTCUSDT1h is up to date!
.---BTCUSDT1h is up to date!
.---Last update to BTCUSDT1h was on the 23 Jan, 2020
------
Updating 1 1h ticks

Found new Ticker!
-----
---Hotness index is .......0.24 and market is *bearish*.
-----

--> No action taken
Latest price: BTC=8335.74
* * * * Next ticker in about 58 minutes * * * *
---> Going to sleep
---BTCUSDT1h is up to date!
Start checking for new ticker
No new ticker yet---BTCUSDT1h is up to date!
.---BTCUSDT1h is up to date!
.---BTCUSDT1h is up to date!
.---BTCUSDT1h is up to date!
.---BTCUSDT1h is up to date!
.---BTCUSDT1h is up to date!
.---BTCUSDT1h is up to date!
.---BTCUSDT1h is up to date!
.---Last update to BTCUSDT1h was on the 23 Jan, 2020
------
Updating 1 1h ticks

Found new Ticker!
-----
---Hotness index is .......0.18 and market is *bearish*.
-----

--> No action taken
Latest price: BTC=8349.91
* * * * Next ticker in about 58 minutes * * * *
---> Going to sleep
---BTCUSDT1h is up to date!
Start checking for new ticker
No new ticker yet---BTCUSDT1h is up to date!
.---BTCUSDT1h is up to date!
.---BTCUSDT1h is up to date!
.---BTCUSDT1h is up to date!
.---BTCUSDT1h is up to date!
.---BTCUSDT1h is up to date!
.---BTCUSDT1h is up to date!
.---BTCUSDT1h is up to date!
.---Last update to BTCUSDT1h was on the 23 Jan, 2020
------
Updating 1 1h ticks

Found new Ticker!
-----
---Hotness index is .......0.14 and market is *bearish*.
-----

--> No action taken
Latest price: BTC=8377.01
* * * * Next ticker in about 58 minutes * * * *
---> Going to sleep
---BTCUSDT1h is up to date!
Start checking for new ticker
No new ticker yet---BTCUSDT1h is up to date!
.---BTCUSDT1h is up to date!
.---BTCUSDT1h is up to date!
.---BTCUSDT1h is up to date!
.---BTCUSDT1h is up to date!
.---BTCUSDT1h is up to date!
.---BTCUSDT1h is up to date!
.---BTCUSDT1h is up to date!
.---Last update to BTCUSDT1h was on the 23 Jan, 2020
------
Updating 1 1h ticks

Found new Ticker!
-----
---Hotness index is .......0.11 and market is *bearish*.
-----

--> No action taken
Latest price: BTC=8379.09
* * * * Next ticker in about 58 minutes * * * *
---> Going to sleep
---BTCUSDT1h is up to date!
Start checking for new ticker
No new ticker yet---BTCUSDT1h is up to date!
.---BTCUSDT1h is up to date!
.---BTCUSDT1h is up to date!
.---BTCUSDT1h is up to date!
.---BTCUSDT1h is up to date!
.---BTCUSDT1h is up to date!
.---BTCUSDT1h is up to date!
.---BTCUSDT1h is up to date!
.---Last update to BTCUSDT1h was on the 23 Jan, 2020
------
Updating 1 1h ticks

Found new Ticker!
-----
---Hotness index is .......0.1 and market is *bearish*.
-----

--> No action taken
Latest price: BTC=8405.1
* * * * Next ticker in about 58 minutes * * * *
---> Going to sleep
---BTCUSDT1h is up to date!
Start checking for new ticker
No new ticker yet---BTCUSDT1h is up to date!
.---BTCUSDT1h is up to date!
.---BTCUSDT1h is up to date!
.---BTCUSDT1h is up to date!
.---BTCUSDT1h is up to date!
.---BTCUSDT1h is up to date!
.---BTCUSDT1h is up to date!
.---BTCUSDT1h is up to date!
.---Last update to BTCUSDT1h was on the 23 Jan, 2020
------
Updating 1 1h ticks

Found new Ticker!
-----
---Hotness index is .......0.1 and market is *bullish*.
-----

--> No action taken
Latest price: BTC=8406.74
* * * * Next ticker in about 58 minutes * * * *
---> Going to sleep
---BTCUSDT1h is up to date!
Start checking for new ticker
No new ticker yet---BTCUSDT1h is up to date!
.---BTCUSDT1h is up to date!
.---BTCUSDT1h is up to date!
.---BTCUSDT1h is up to date!
.---BTCUSDT1h is up to date!
.---BTCUSDT1h is up to date!
.---BTCUSDT1h is up to date!
.---BTCUSDT1h is up to date!
.---Last update to BTCUSDT1h was on the 24 Jan, 2020
------
Updating 1 1h ticks

Found new Ticker!
-----
---Hotness index is .......0.12 and market is *bullish*.
-----

--> No action taken
Latest price: BTC=8418.31
* * * * Next ticker in about 58 minutes * * * *
---> Going to sleep
---BTCUSDT1h is up to date!
Start checking for new ticker
No new ticker yet---BTCUSDT1h is up to date!
.---BTCUSDT1h is up to date!
.---BTCUSDT1h is up to date!
.---BTCUSDT1h is up to date!
.---BTCUSDT1h is up to date!
.---BTCUSDT1h is up to date!
.---BTCUSDT1h is up to date!
.---BTCUSDT1h is up to date!
.---Last update to BTCUSDT1h was on the 24 Jan, 2020
------
Updating 1 1h ticks

Found new Ticker!
-----
---Hotness index is .......0.13 and market is *bullish*.
-----

--> No action taken
Latest price: BTC=8423.0
* * * * Next ticker in about 58 minutes * * * *
---> Going to sleep
---BTCUSDT1h is up to date!
Start checking for new ticker
No new ticker yet---BTCUSDT1h is up to date!
.---BTCUSDT1h is up to date!
.---BTCUSDT1h is up to date!
.---BTCUSDT1h is up to date!
.---BTCUSDT1h is up to date!
.---BTCUSDT1h is up to date!
.---BTCUSDT1h is up to date!
.---BTCUSDT1h is up to date!
.---Last update to BTCUSDT1h was on the 24 Jan, 2020
------
Updating 1 1h ticks

Found new Ticker!
-----
---Hotness index is .......0.14 and market is *bullish*.
-----

--> No action taken
Latest price: BTC=8371.95
* * * * Next ticker in about 58 minutes * * * *
---> Going to sleep
---BTCUSDT1h is up to date!
Start checking for new ticker
No new ticker yet---BTCUSDT1h is up to date!
.---BTCUSDT1h is up to date!
.---BTCUSDT1h is up to date!
.---BTCUSDT1h is up to date!
.---BTCUSDT1h is up to date!
.---BTCUSDT1h is up to date!
.---BTCUSDT1h is up to date!
.---BTCUSDT1h is up to date!
.---Last update to BTCUSDT1h was on the 24 Jan, 2020
------
Updating 1 1h ticks

Found new Ticker!
-----
---Hotness index is .......0.17 and market is *bullish*.
-----

--> No action taken
Latest price: BTC=8311.71
* * * * Next ticker in about 58 minutes * * * *
---> Going to sleep
---BTCUSDT1h is up to date!
Start checking for new ticker
No new ticker yet---BTCUSDT1h is up to date!
.---BTCUSDT1h is up to date!
.---BTCUSDT1h is up to date!
.---BTCUSDT1h is up to date!
.---BTCUSDT1h is up to date!
.---BTCUSDT1h is up to date!
.---BTCUSDT1h is up to date!
.---BTCUSDT1h is up to date!
.---Last update to BTCUSDT1h was on the 24 Jan, 2020
------
Updating 1 1h ticks

Found new Ticker!
-----
---Hotness index is .......0.16 and market is *bearish*.
-----

--> No action taken
Latest price: BTC=8341.86
* * * * Next ticker in about 58 minutes * * * *
---> Going to sleep
---BTCUSDT1h is up to date!
Start checking for new ticker
No new ticker yet---BTCUSDT1h is up to date!
.---BTCUSDT1h is up to date!
.---BTCUSDT1h is up to date!
.---BTCUSDT1h is up to date!
.---BTCUSDT1h is up to date!
.---BTCUSDT1h is up to date!
.---BTCUSDT1h is up to date!
.---BTCUSDT1h is up to date!
.---Last update to BTCUSDT1h was on the 24 Jan, 2020
------
Updating 1 1h ticks

Found new Ticker!
-----
---Hotness index is .......0.14 and market is *bearish*.
-----

--> No action taken
Latest price: BTC=8321.83
* * * * Next ticker in about 58 minutes * * * *
---> Going to sleep
---BTCUSDT1h is up to date!
Start checking for new ticker
No new ticker yet---BTCUSDT1h is up to date!
.---BTCUSDT1h is up to date!
.---BTCUSDT1h is up to date!
.---BTCUSDT1h is up to date!
.---BTCUSDT1h is up to date!
.---BTCUSDT1h is up to date!
.---BTCUSDT1h is up to date!
.---BTCUSDT1h is up to date!
.---Last update to BTCUSDT1h was on the 24 Jan, 2020
------
Updating 1 1h ticks

Found new Ticker!
-----
---Hotness index is .......0.13 and market is *bearish*.
-----

--> No action taken
Latest price: BTC=8330.0
* * * * Next ticker in about 58 minutes * * * *
---> Going to sleep
---BTCUSDT1h is up to date!
Start checking for new ticker
No new ticker yet---BTCUSDT1h is up to date!
.---BTCUSDT1h is up to date!
.---BTCUSDT1h is up to date!
.---BTCUSDT1h is up to date!
.---BTCUSDT1h is up to date!
.---BTCUSDT1h is up to date!
.---BTCUSDT1h is up to date!
.---BTCUSDT1h is up to date!
.---Last update to BTCUSDT1h was on the 24 Jan, 2020
------
Updating 1 1h ticks

Found new Ticker!
-----
---Hotness index is .......0.11 and market is *bearish*.
-----

--> No action taken
Latest price: BTC=8358.64
* * * * Next ticker in about 58 minutes * * * *
---> Going to sleep
---BTCUSDT1h is up to date!
Start checking for new ticker
No new ticker yet---BTCUSDT1h is up to date!
.---BTCUSDT1h is up to date!
.---BTCUSDT1h is up to date!
.---BTCUSDT1h is up to date!
.---BTCUSDT1h is up to date!
.---BTCUSDT1h is up to date!
.---BTCUSDT1h is up to date!
.---BTCUSDT1h is up to date!
.---Last update to BTCUSDT1h was on the 24 Jan, 2020
------
Updating 1 1h ticks

Found new Ticker!
-----
---Hotness index is .......0.1 and market is *bearish*.
-----

--> No action taken
Latest price: BTC=8347.02
* * * * Next ticker in about 58 minutes * * * *
---> Going to sleep
---BTCUSDT1h is up to date!
Start checking for new ticker
No new ticker yet---BTCUSDT1h is up to date!
.---BTCUSDT1h is up to date!
.---BTCUSDT1h is up to date!
.---BTCUSDT1h is up to date!
.---BTCUSDT1h is up to date!
.---BTCUSDT1h is up to date!
.---BTCUSDT1h is up to date!
.---BTCUSDT1h is up to date!
.---Last update to BTCUSDT1h was on the 24 Jan, 2020
------
Updating 1 1h ticks

Found new Ticker!
-----
---Hotness index is .......0.09 and market is *bearish*.
-----

--> No action taken
Latest price: BTC=8344.96
* * * * Next ticker in about 58 minutes * * * *
---> Going to sleep
---BTCUSDT1h is up to date!
Start checking for new ticker
No new ticker yet---BTCUSDT1h is up to date!
.---BTCUSDT1h is up to date!
.---BTCUSDT1h is up to date!
.---BTCUSDT1h is up to date!
.---BTCUSDT1h is up to date!
.---BTCUSDT1h is up to date!
.---BTCUSDT1h is up to date!
.---BTCUSDT1h is up to date!
.---Last update to BTCUSDT1h was on the 24 Jan, 2020
------
Updating 1 1h ticks

Found new Ticker!
-----
---Hotness index is .......0.11 and market is *bullish*.
-----

--> No action taken
Latest price: BTC=8270.94
* * * * Next ticker in about 58 minutes * * * *
---> Going to sleep
---BTCUSDT1h is up to date!
Start checking for new ticker
No new ticker yet---BTCUSDT1h is up to date!
.---BTCUSDT1h is up to date!
.---BTCUSDT1h is up to date!
.---BTCUSDT1h is up to date!
.---BTCUSDT1h is up to date!
.---BTCUSDT1h is up to date!
.---BTCUSDT1h is up to date!
.---BTCUSDT1h is up to date!
.---Last update to BTCUSDT1h was on the 24 Jan, 2020
------
Updating 1 1h ticks

Found new Ticker!
-----
---Hotness index is .......0.13 and market is *bullish*.
-----

--> No action taken
Latest price: BTC=8252.89
* * * * Next ticker in about 58 minutes * * * *
---> Going to sleep
---BTCUSDT1h is up to date!
Start checking for new ticker
No new ticker yet---BTCUSDT1h is up to date!
.---BTCUSDT1h is up to date!
.---BTCUSDT1h is up to date!
.---BTCUSDT1h is up to date!
.---BTCUSDT1h is up to date!
.---BTCUSDT1h is up to date!
.---BTCUSDT1h is up to date!
.---BTCUSDT1h is up to date!
.---Last update to BTCUSDT1h was on the 24 Jan, 2020
------
Updating 1 1h ticks

Found new Ticker!
-----
---Hotness index is .......0.17 and market is *bullish*.
-----

--> No action taken
Latest price: BTC=8421.72
* * * * Next ticker in about 58 minutes * * * *
---> Going to sleep
---BTCUSDT1h is up to date!
Start checking for new ticker
No new ticker yet---BTCUSDT1h is up to date!
.---BTCUSDT1h is up to date!
.---BTCUSDT1h is up to date!
.---BTCUSDT1h is up to date!
.---BTCUSDT1h is up to date!
.---BTCUSDT1h is up to date!
.---BTCUSDT1h is up to date!
.---BTCUSDT1h is up to date!
.---Last update to BTCUSDT1h was on the 24 Jan, 2020
------
Updating 1 1h ticks

Found new Ticker!
-----
---Hotness index is .......0.25 and market is *bullish*.
-----

--> No action taken
Latest price: BTC=8447.75
* * * * Next ticker in about 58 minutes * * * *
---> Going to sleep
---BTCUSDT1h is up to date!
Start checking for new ticker
No new ticker yet---BTCUSDT1h is up to date!
.---BTCUSDT1h is up to date!
.---BTCUSDT1h is up to date!
.---BTCUSDT1h is up to date!
.---BTCUSDT1h is up to date!
.---BTCUSDT1h is up to date!
.---BTCUSDT1h is up to date!
.---BTCUSDT1h is up to date!
.---Last update to BTCUSDT1h was on the 24 Jan, 2020
------
Updating 1 1h ticks

Found new Ticker!
-----
---Hotness index is .......0.3 and market is *bullish*.
-----

--> No action taken
Latest price: BTC=8471.5
* * * * Next ticker in about 58 minutes * * * *
---> Going to sleep
---BTCUSDT1h is up to date!
Start checking for new ticker
No new ticker yet---BTCUSDT1h is up to date!
.---BTCUSDT1h is up to date!
.---BTCUSDT1h is up to date!
.---BTCUSDT1h is up to date!
.---BTCUSDT1h is up to date!
.---BTCUSDT1h is up to date!
.---BTCUSDT1h is up to date!
.---BTCUSDT1h is up to date!
.---Last update to BTCUSDT1h was on the 24 Jan, 2020
------
Updating 1 1h ticks

Found new Ticker!
-----
---Hotness index is .......0.37 and market is *bullish*.
-----

--> No action taken
Latest price: BTC=8482.09
* * * * Next ticker in about 58 minutes * * * *
---> Going to sleep
---BTCUSDT1h is up to date!
Start checking for new ticker
No new ticker yet---BTCUSDT1h is up to date!
.---BTCUSDT1h is up to date!
.---BTCUSDT1h is up to date!
.---BTCUSDT1h is up to date!
.---BTCUSDT1h is up to date!
.---BTCUSDT1h is up to date!
.---BTCUSDT1h is up to date!
.---BTCUSDT1h is up to date!
.---Last update to BTCUSDT1h was on the 24 Jan, 2020
------
Updating 1 1h ticks

Found new Ticker!
-----
---Hotness index is .......0.45 and market is *bullish*.
-----

--> No action taken
Latest price: BTC=8513.8
* * * * Next ticker in about 58 minutes * * * *
---> Going to sleep
---BTCUSDT1h is up to date!
Start checking for new ticker
No new ticker yet---BTCUSDT1h is up to date!
.---BTCUSDT1h is up to date!
.---BTCUSDT1h is up to date!
.---BTCUSDT1h is up to date!
.---BTCUSDT1h is up to date!
.---BTCUSDT1h is up to date!
.---BTCUSDT1h is up to date!
.---BTCUSDT1h is up to date!
.---Last update to BTCUSDT1h was on the 24 Jan, 2020
------
Updating 1 1h ticks

Found new Ticker!
-----
---Hotness index is .......0.47 and market is *bullish*.
-----

--> No action taken
Latest price: BTC=8463.53
* * * * Next ticker in about 58 minutes * * * *
---> Going to sleep
---BTCUSDT1h is up to date!
Start checking for new ticker
No new ticker yet---BTCUSDT1h is up to date!
.---BTCUSDT1h is up to date!
.---BTCUSDT1h is up to date!
.---BTCUSDT1h is up to date!
.---BTCUSDT1h is up to date!
.---BTCUSDT1h is up to date!
.---BTCUSDT1h is up to date!
.---BTCUSDT1h is up to date!
.---Last update to BTCUSDT1h was on the 24 Jan, 2020
------
Updating 1 1h ticks

Found new Ticker!
-----
---Hotness index is .......0.49 and market is *bullish*.
-----

--> No action taken
Latest price: BTC=8485.02
* * * * Next ticker in about 58 minutes * * * *
---> Going to sleep
---BTCUSDT1h is up to date!
Start checking for new ticker
No new ticker yet---BTCUSDT1h is up to date!
.---BTCUSDT1h is up to date!
.---BTCUSDT1h is up to date!
.---BTCUSDT1h is up to date!
.---BTCUSDT1h is up to date!
.---BTCUSDT1h is up to date!
.---BTCUSDT1h is up to date!
.---BTCUSDT1h is up to date!
.---Last update to BTCUSDT1h was on the 24 Jan, 2020
------
Updating 1 1h ticks

Found new Ticker!
-----
---Hotness index is .......0.55 and market is *bullish*.
-----

--> No action taken
Latest price: BTC=8484.12
* * * * Next ticker in about 58 minutes * * * *
---> Going to sleep
---BTCUSDT1h is up to date!
Start checking for new ticker
No new ticker yet---BTCUSDT1h is up to date!
.---BTCUSDT1h is up to date!
.---BTCUSDT1h is up to date!
.---BTCUSDT1h is up to date!
.---BTCUSDT1h is up to date!
.---BTCUSDT1h is up to date!
.---BTCUSDT1h is up to date!
.---BTCUSDT1h is up to date!
.---Last update to BTCUSDT1h was on the 24 Jan, 2020
------
Updating 1 1h ticks

Found new Ticker!
-----
---Hotness index is .......0.62 and market is *bullish*.
-----

--> No action taken
Latest price: BTC=8506.13
* * * * Next ticker in about 58 minutes * * * *
---> Going to sleep
---BTCUSDT1h is up to date!
Start checking for new ticker
No new ticker yet---BTCUSDT1h is up to date!
.---BTCUSDT1h is up to date!
.---BTCUSDT1h is up to date!
.---BTCUSDT1h is up to date!
.---BTCUSDT1h is up to date!
.---BTCUSDT1h is up to date!
.---BTCUSDT1h is up to date!
.---BTCUSDT1h is up to date!
.---Last update to BTCUSDT1h was on the 24 Jan, 2020
------
Updating 1 1h ticks

Found new Ticker!
-----
---Hotness index is .......0.82 and market is *bullish*.
-----

--> No action taken
Latest price: BTC=8485.4
* * * * Next ticker in about 58 minutes * * * *
---> Going to sleep
---BTCUSDT1h is up to date!
Start checking for new ticker
No new ticker yet---BTCUSDT1h is up to date!
.---BTCUSDT1h is up to date!
.---BTCUSDT1h is up to date!
.---BTCUSDT1h is up to date!
.---BTCUSDT1h is up to date!
.---BTCUSDT1h is up to date!
.---BTCUSDT1h is up to date!
.---BTCUSDT1h is up to date!
.---Last update to BTCUSDT1h was on the 24 Jan, 2020
------
Updating 1 1h ticks

Found new Ticker!
-----
---Hotness index is .......1.0 and market is *bullish*.
-----

--> No action taken
Latest price: BTC=8514.39
Traceback (most recent call last):
  File "runBotFutures.py", line 6, in <module>
    from YbotFutures import *
  File "/home/euphotic_/yangino-bot/pythonBinance/YbotFutures/__init__.py", line 15, in <module>
    from . import trade
  File "/home/euphotic_/yangino-bot/pythonBinance/YbotFutures/trade.py", line 26, in <module>
    from . import params as ini 
  File "/home/euphotic_/yangino-bot/pythonBinance/YbotFutures/params.py", line 52
    SetUp["trade"]["Long"]=0.15.
                               ^
SyntaxError: invalid syntax
